<?xml version="1.0" encoding="UTF-8"?>
<testsuite name="test_guest_arrival_tests.TestGuestArrival-20240401102617" tests="48" file="test_guest_arrival_tests.py" time="0.664" timestamp="2024-04-01T10:26:19" failures="0" errors="0" skipped="0">
	<testcase classname="test_guest_arrival_tests.TestGuestArrival" name="test_guest_arrival_valid1" time="0.054" timestamp="2024-04-01T10:26:18"/>
	<testcase classname="test_guest_arrival_tests.TestGuestArrival" name="test_guest_arrival_valid10" time="0.015" timestamp="2024-04-01T10:26:18"/>
	<testcase classname="test_guest_arrival_tests.TestGuestArrival" name="test_guest_arrival_valid11" time="0.011" timestamp="2024-04-01T10:26:18"/>
	<testcase classname="test_guest_arrival_tests.TestGuestArrival" name="test_guest_arrival_valid12" time="0.010" timestamp="2024-04-01T10:26:18"/>
	<testcase classname="test_guest_arrival_tests.TestGuestArrival" name="test_guest_arrival_valid13" time="0.011" timestamp="2024-04-01T10:26:18"/>
	<testcase classname="test_guest_arrival_tests.TestGuestArrival" name="test_guest_arrival_valid14" time="0.014" timestamp="2024-04-01T10:26:18"/>
	<testcase classname="test_guest_arrival_tests.TestGuestArrival" name="test_guest_arrival_valid15" time="0.015" timestamp="2024-04-01T10:26:18"/>
	<testcase classname="test_guest_arrival_tests.TestGuestArrival" name="test_guest_arrival_valid16" time="0.013" timestamp="2024-04-01T10:26:18"/>
	<testcase classname="test_guest_arrival_tests.TestGuestArrival" name="test_guest_arrival_valid17" time="0.013" timestamp="2024-04-01T10:26:18"/>
	<testcase classname="test_guest_arrival_tests.TestGuestArrival" name="test_guest_arrival_valid18" time="0.014" timestamp="2024-04-01T10:26:18"/>
	<testcase classname="test_guest_arrival_tests.TestGuestArrival" name="test_guest_arrival_valid19" time="0.014" timestamp="2024-04-01T10:26:18"/>
	<testcase classname="test_guest_arrival_tests.TestGuestArrival" name="test_guest_arrival_valid2" time="0.020" timestamp="2024-04-01T10:26:18"/>
	<testcase classname="test_guest_arrival_tests.TestGuestArrival" name="test_guest_arrival_valid20" time="0.016" timestamp="2024-04-01T10:26:18"/>
	<testcase classname="test_guest_arrival_tests.TestGuestArrival" name="test_guest_arrival_valid21" time="0.008" timestamp="2024-04-01T10:26:18"/>
	<testcase classname="test_guest_arrival_tests.TestGuestArrival" name="test_guest_arrival_valid22" time="0.008" timestamp="2024-04-01T10:26:18"/>
	<testcase classname="test_guest_arrival_tests.TestGuestArrival" name="test_guest_arrival_valid23" time="0.008" timestamp="2024-04-01T10:26:18"/>
	<testcase classname="test_guest_arrival_tests.TestGuestArrival" name="test_guest_arrival_valid24" time="0.008" timestamp="2024-04-01T10:26:18"/>
	<testcase classname="test_guest_arrival_tests.TestGuestArrival" name="test_guest_arrival_valid25" time="0.011" timestamp="2024-04-01T10:26:18"/>
	<testcase classname="test_guest_arrival_tests.TestGuestArrival" name="test_guest_arrival_valid26" time="0.012" timestamp="2024-04-01T10:26:18"/>
	<testcase classname="test_guest_arrival_tests.TestGuestArrival" name="test_guest_arrival_valid27" time="0.010" timestamp="2024-04-01T10:26:18"/>
	<testcase classname="test_guest_arrival_tests.TestGuestArrival" name="test_guest_arrival_valid28" time="0.011" timestamp="2024-04-01T10:26:18"/>
	<testcase classname="test_guest_arrival_tests.TestGuestArrival" name="test_guest_arrival_valid29" time="0.011" timestamp="2024-04-01T10:26:18"/>
	<testcase classname="test_guest_arrival_tests.TestGuestArrival" name="test_guest_arrival_valid3" time="0.013" timestamp="2024-04-01T10:26:18"/>
	<testcase classname="test_guest_arrival_tests.TestGuestArrival" name="test_guest_arrival_valid30" time="0.017" timestamp="2024-04-01T10:26:18"/>
	<testcase classname="test_guest_arrival_tests.TestGuestArrival" name="test_guest_arrival_valid31" time="0.015" timestamp="2024-04-01T10:26:18"/>
	<testcase classname="test_guest_arrival_tests.TestGuestArrival" name="test_guest_arrival_valid32" time="0.014" timestamp="2024-04-01T10:26:18"/>
	<testcase classname="test_guest_arrival_tests.TestGuestArrival" name="test_guest_arrival_valid33" time="0.015" timestamp="2024-04-01T10:26:18"/>
	<testcase classname="test_guest_arrival_tests.TestGuestArrival" name="test_guest_arrival_valid34" time="0.016" timestamp="2024-04-01T10:26:18"/>
	<testcase classname="test_guest_arrival_tests.TestGuestArrival" name="test_guest_arrival_valid35" time="0.015" timestamp="2024-04-01T10:26:18"/>
	<testcase classname="test_guest_arrival_tests.TestGuestArrival" name="test_guest_arrival_valid36" time="0.015" timestamp="2024-04-01T10:26:18"/>
	<testcase classname="test_guest_arrival_tests.TestGuestArrival" name="test_guest_arrival_valid37" time="0.014" timestamp="2024-04-01T10:26:18"/>
	<testcase classname="test_guest_arrival_tests.TestGuestArrival" name="test_guest_arrival_valid38" time="0.007" timestamp="2024-04-01T10:26:18"/>
	<testcase classname="test_guest_arrival_tests.TestGuestArrival" name="test_guest_arrival_valid39" time="0.016" timestamp="2024-04-01T10:26:18"/>
	<testcase classname="test_guest_arrival_tests.TestGuestArrival" name="test_guest_arrival_valid4" time="0.008" timestamp="2024-04-01T10:26:18"/>
	<testcase classname="test_guest_arrival_tests.TestGuestArrival" name="test_guest_arrival_valid40" time="0.008" timestamp="2024-04-01T10:26:18"/>
	<testcase classname="test_guest_arrival_tests.TestGuestArrival" name="test_guest_arrival_valid41" time="0.007" timestamp="2024-04-01T10:26:18"/>
	<testcase classname="test_guest_arrival_tests.TestGuestArrival" name="test_guest_arrival_valid42" time="0.010" timestamp="2024-04-01T10:26:18"/>
	<testcase classname="test_guest_arrival_tests.TestGuestArrival" name="test_guest_arrival_valid43" time="0.023" timestamp="2024-04-01T10:26:18"/>
	<testcase classname="test_guest_arrival_tests.TestGuestArrival" name="test_guest_arrival_valid44" time="0.012" timestamp="2024-04-01T10:26:18"/>
	<testcase classname="test_guest_arrival_tests.TestGuestArrival" name="test_guest_arrival_valid45" time="0.018" timestamp="2024-04-01T10:26:18"/>
	<testcase classname="test_guest_arrival_tests.TestGuestArrival" name="test_guest_arrival_valid46" time="0.034" timestamp="2024-04-01T10:26:18"/>
	<testcase classname="test_guest_arrival_tests.TestGuestArrival" name="test_guest_arrival_valid47" time="0.014" timestamp="2024-04-01T10:26:18"/>
	<testcase classname="test_guest_arrival_tests.TestGuestArrival" name="test_guest_arrival_valid48" time="0.013" timestamp="2024-04-01T10:26:18"/>
	<testcase classname="test_guest_arrival_tests.TestGuestArrival" name="test_guest_arrival_valid5" time="0.010" timestamp="2024-04-01T10:26:18"/>
	<testcase classname="test_guest_arrival_tests.TestGuestArrival" name="test_guest_arrival_valid6" time="0.008" timestamp="2024-04-01T10:26:18"/>
	<testcase classname="test_guest_arrival_tests.TestGuestArrival" name="test_guest_arrival_valid7" time="0.016" timestamp="2024-04-01T10:26:19"/>
	<testcase classname="test_guest_arrival_tests.TestGuestArrival" name="test_guest_arrival_valid8" time="0.008" timestamp="2024-04-01T10:26:19"/>
	<testcase classname="test_guest_arrival_tests.TestGuestArrival" name="test_guest_arrival_valid9" time="0.009" timestamp="2024-04-01T10:26:19"/>
</testsuite>
