<?xml version="1.0" encoding="UTF-8"?>
<testsuite name="test_guest_checkout_tests.TestHotelManager-20240401102617" tests="14" file="test_guest_checkout_tests.py" time="0.448" timestamp="2024-04-01T10:26:19" failures="0" errors="0" skipped="0">
	<testcase classname="test_guest_checkout_tests.TestHotelManager" name="test_guest_checkout_valid1" time="0.023" timestamp="2024-04-01T10:26:19"/>
	<testcase classname="test_guest_checkout_tests.TestHotelManager" name="test_guest_checkout_valid10" time="0.081" timestamp="2024-04-01T10:26:19"/>
	<testcase classname="test_guest_checkout_tests.TestHotelManager" name="test_guest_checkout_valid11" time="0.072" timestamp="2024-04-01T10:26:19"/>
	<testcase classname="test_guest_checkout_tests.TestHotelManager" name="test_guest_checkout_valid12" time="0.099" timestamp="2024-04-01T10:26:19"/>
	<testcase classname="test_guest_checkout_tests.TestHotelManager" name="test_guest_checkout_valid13" time="0.019" timestamp="2024-04-01T10:26:19"/>
	<testcase classname="test_guest_checkout_tests.TestHotelManager" name="test_guest_checkout_valid14" time="0.007" timestamp="2024-04-01T10:26:19"/>
	<testcase classname="test_guest_checkout_tests.TestHotelManager" name="test_guest_checkout_valid2" time="0.034" timestamp="2024-04-01T10:26:19"/>
	<testcase classname="test_guest_checkout_tests.TestHotelManager" name="test_guest_checkout_valid3" time="0.012" timestamp="2024-04-01T10:26:19"/>
	<testcase classname="test_guest_checkout_tests.TestHotelManager" name="test_guest_checkout_valid4" time="0.020" timestamp="2024-04-01T10:26:19"/>
	<testcase classname="test_guest_checkout_tests.TestHotelManager" name="test_guest_checkout_valid5" time="0.015" timestamp="2024-04-01T10:26:19"/>
	<testcase classname="test_guest_checkout_tests.TestHotelManager" name="test_guest_checkout_valid6" time="0.017" timestamp="2024-04-01T10:26:19"/>
	<testcase classname="test_guest_checkout_tests.TestHotelManager" name="test_guest_checkout_valid7" time="0.005" timestamp="2024-04-01T10:26:19"/>
	<testcase classname="test_guest_checkout_tests.TestHotelManager" name="test_guest_checkout_valid8" time="0.016" timestamp="2024-04-01T10:26:19"/>
	<testcase classname="test_guest_checkout_tests.TestHotelManager" name="test_guest_checkout_valid9" time="0.028" timestamp="2024-04-01T10:26:19"/>
</testsuite>
